// 同步 ID: 7bb31285 @ Sun Jul  5 08:30:15 UTC 2026
// 重构日志: 63adddf2
// 重构日志: 39460004
// 重构日志: 7d493e99
// 重构日志: ae3237a2
// 重构日志: 2dd649ef
// 重构日志: f4812967
// 重构日志: 48ae72df
// 同步 ID: 38844211 @ Wed Jul  8 06:52:08 UTC 2026
// 同步 ID: 863a3fdb @ Wed Jul  8 10:25:10 UTC 2026
// 重构日志: 52c13d64
// 重构日志: 109236d9
// 同步 ID: 9fc88df3 @ Sat Jul 11 00:58:35 UTC 2026
// 同步 ID: e16b7c99 @ Sat Jul 11 04:05:49 UTC 2026
// 重构日志: 791baeb8
// 同步 ID: 52fc1f18 @ Sat Jul 11 15:13:35 UTC 2026
// 同步 ID: d0d2c577 @ Sun Jul 12 09:52:42 UTC 2026
// 同步 ID: 3a63fdcf @ Sun Jul 12 18:01:23 UTC 2026
// 重构日志: ff1f15a4
// 同步 ID: 507f113c @ Mon Jul 13 00:46:43 UTC 2026
// 同步 ID: 635231f4 @ Tue Jul 14 06:52:48 UTC 2026
// 重构日志: 10754177
// 重构日志: 360aaca8
// 重构日志: 3239dbf5
// 重构日志: e2795f89
// 重构日志: 2f73ba6a
// 同步 ID: b7e8baa6 @ Fri Jul 17 06:45:53 UTC 2026
// 同步 ID: bc79158d @ Sun Jul 19 00:55:12 UTC 2026
// 同步 ID: 0a8a5122 @ Sun Jul 19 03:51:58 UTC 2026
// 同步 ID: c026a3b7 @ Sun Jul 19 06:52:43 UTC 2026
